ARM GAS  /tmp/ccxfJM7X.s 			page 1


   1              		.cpu cortex-m4
   2              		.eabi_attribute 27, 1
   3              		.eabi_attribute 28, 1
   4              		.eabi_attribute 20, 1
   5              		.eabi_attribute 21, 1
   6              		.eabi_attribute 23, 3
   7              		.eabi_attribute 24, 1
   8              		.eabi_attribute 25, 1
   9              		.eabi_attribute 26, 1
  10              		.eabi_attribute 30, 1
  11              		.eabi_attribute 34, 1
  12              		.eabi_attribute 18, 4
  13              		.file	"gpio.c"
  14              		.text
  15              	.Ltext0:
  16              		.cfi_sections	.debug_frame
  17              		.section	.text.MX_GPIO_Init,"ax",%progbits
  18              		.align	1
  19              		.global	MX_GPIO_Init
  20              		.arch armv7e-m
  21              		.syntax unified
  22              		.thumb
  23              		.thumb_func
  24              		.fpu fpv4-sp-d16
  26              	MX_GPIO_Init:
  27              	.LFB130:
  28              		.file 1 "Core/Src/gpio.c"
   1:Core/Src/gpio.c **** /* USER CODE BEGIN Header */
   2:Core/Src/gpio.c **** /**
   3:Core/Src/gpio.c ****   ******************************************************************************
   4:Core/Src/gpio.c ****   * @file    gpio.c
   5:Core/Src/gpio.c ****   * @brief   This file provides code for the configuration
   6:Core/Src/gpio.c ****   *          of all used GPIO pins.
   7:Core/Src/gpio.c ****   ******************************************************************************
   8:Core/Src/gpio.c ****   * @attention
   9:Core/Src/gpio.c ****   *
  10:Core/Src/gpio.c ****   * Copyright (c) 2021 STMicroelectronics.
  11:Core/Src/gpio.c ****   * All rights reserved.
  12:Core/Src/gpio.c ****   *
  13:Core/Src/gpio.c ****   * This software is licensed under terms that can be found in the LICENSE file
  14:Core/Src/gpio.c ****   * in the root directory of this software component.
  15:Core/Src/gpio.c ****   * If no LICENSE file comes with this software, it is provided AS-IS.
  16:Core/Src/gpio.c ****   *
  17:Core/Src/gpio.c ****   ******************************************************************************
  18:Core/Src/gpio.c ****   */
  19:Core/Src/gpio.c **** /* USER CODE END Header */
  20:Core/Src/gpio.c **** 
  21:Core/Src/gpio.c **** /* Includes ------------------------------------------------------------------*/
  22:Core/Src/gpio.c **** #include "gpio.h"
  23:Core/Src/gpio.c **** 
  24:Core/Src/gpio.c **** /* USER CODE BEGIN 0 */
  25:Core/Src/gpio.c **** 
  26:Core/Src/gpio.c **** /* USER CODE END 0 */
  27:Core/Src/gpio.c **** 
  28:Core/Src/gpio.c **** /*----------------------------------------------------------------------------*/
  29:Core/Src/gpio.c **** /* Configure GPIO                                                             */
  30:Core/Src/gpio.c **** /*----------------------------------------------------------------------------*/
ARM GAS  /tmp/ccxfJM7X.s 			page 2


  31:Core/Src/gpio.c **** /* USER CODE BEGIN 1 */
  32:Core/Src/gpio.c **** 
  33:Core/Src/gpio.c **** /* USER CODE END 1 */
  34:Core/Src/gpio.c **** 
  35:Core/Src/gpio.c **** /** Configure pins as
  36:Core/Src/gpio.c ****         * Analog
  37:Core/Src/gpio.c ****         * Input
  38:Core/Src/gpio.c ****         * Output
  39:Core/Src/gpio.c ****         * EVENT_OUT
  40:Core/Src/gpio.c ****         * EXTI
  41:Core/Src/gpio.c **** */
  42:Core/Src/gpio.c **** void MX_GPIO_Init(void)
  43:Core/Src/gpio.c **** {
  29              		.loc 1 43 1 view -0
  30              		.cfi_startproc
  31              		@ args = 0, pretend = 0, frame = 40
  32              		@ frame_needed = 0, uses_anonymous_args = 0
  33 0000 30B5     		push	{r4, r5, lr}
  34              	.LCFI0:
  35              		.cfi_def_cfa_offset 12
  36              		.cfi_offset 4, -12
  37              		.cfi_offset 5, -8
  38              		.cfi_offset 14, -4
  39 0002 8BB0     		sub	sp, sp, #44
  40              	.LCFI1:
  41              		.cfi_def_cfa_offset 56
  44:Core/Src/gpio.c **** 
  45:Core/Src/gpio.c ****   GPIO_InitTypeDef GPIO_InitStruct = {0};
  42              		.loc 1 45 3 view .LVU1
  43              		.loc 1 45 20 is_stmt 0 view .LVU2
  44 0004 0024     		movs	r4, #0
  45 0006 0594     		str	r4, [sp, #20]
  46 0008 0694     		str	r4, [sp, #24]
  47 000a 0794     		str	r4, [sp, #28]
  48 000c 0894     		str	r4, [sp, #32]
  49 000e 0994     		str	r4, [sp, #36]
  46:Core/Src/gpio.c **** 
  47:Core/Src/gpio.c ****   /* GPIO Ports Clock Enable */
  48:Core/Src/gpio.c ****   __HAL_RCC_GPIOC_CLK_ENABLE();
  50              		.loc 1 48 3 is_stmt 1 view .LVU3
  51              	.LBB2:
  52              		.loc 1 48 3 view .LVU4
  53 0010 0094     		str	r4, [sp]
  54              		.loc 1 48 3 view .LVU5
  55 0012 224B     		ldr	r3, .L3
  56 0014 1A6B     		ldr	r2, [r3, #48]
  57 0016 42F00402 		orr	r2, r2, #4
  58 001a 1A63     		str	r2, [r3, #48]
  59              		.loc 1 48 3 view .LVU6
  60 001c 1A6B     		ldr	r2, [r3, #48]
  61 001e 02F00402 		and	r2, r2, #4
  62 0022 0092     		str	r2, [sp]
  63              		.loc 1 48 3 view .LVU7
  64 0024 009A     		ldr	r2, [sp]
  65              	.LBE2:
  66              		.loc 1 48 3 view .LVU8
  49:Core/Src/gpio.c ****   __HAL_RCC_GPIOH_CLK_ENABLE();
ARM GAS  /tmp/ccxfJM7X.s 			page 3


  67              		.loc 1 49 3 view .LVU9
  68              	.LBB3:
  69              		.loc 1 49 3 view .LVU10
  70 0026 0194     		str	r4, [sp, #4]
  71              		.loc 1 49 3 view .LVU11
  72 0028 1A6B     		ldr	r2, [r3, #48]
  73 002a 42F08002 		orr	r2, r2, #128
  74 002e 1A63     		str	r2, [r3, #48]
  75              		.loc 1 49 3 view .LVU12
  76 0030 1A6B     		ldr	r2, [r3, #48]
  77 0032 02F08002 		and	r2, r2, #128
  78 0036 0192     		str	r2, [sp, #4]
  79              		.loc 1 49 3 view .LVU13
  80 0038 019A     		ldr	r2, [sp, #4]
  81              	.LBE3:
  82              		.loc 1 49 3 view .LVU14
  50:Core/Src/gpio.c ****   __HAL_RCC_GPIOA_CLK_ENABLE();
  83              		.loc 1 50 3 view .LVU15
  84              	.LBB4:
  85              		.loc 1 50 3 view .LVU16
  86 003a 0294     		str	r4, [sp, #8]
  87              		.loc 1 50 3 view .LVU17
  88 003c 1A6B     		ldr	r2, [r3, #48]
  89 003e 42F00102 		orr	r2, r2, #1
  90 0042 1A63     		str	r2, [r3, #48]
  91              		.loc 1 50 3 view .LVU18
  92 0044 1A6B     		ldr	r2, [r3, #48]
  93 0046 02F00102 		and	r2, r2, #1
  94 004a 0292     		str	r2, [sp, #8]
  95              		.loc 1 50 3 view .LVU19
  96 004c 029A     		ldr	r2, [sp, #8]
  97              	.LBE4:
  98              		.loc 1 50 3 view .LVU20
  51:Core/Src/gpio.c ****   __HAL_RCC_GPIOD_CLK_ENABLE();
  99              		.loc 1 51 3 view .LVU21
 100              	.LBB5:
 101              		.loc 1 51 3 view .LVU22
 102 004e 0394     		str	r4, [sp, #12]
 103              		.loc 1 51 3 view .LVU23
 104 0050 1A6B     		ldr	r2, [r3, #48]
 105 0052 42F00802 		orr	r2, r2, #8
 106 0056 1A63     		str	r2, [r3, #48]
 107              		.loc 1 51 3 view .LVU24
 108 0058 1A6B     		ldr	r2, [r3, #48]
 109 005a 02F00802 		and	r2, r2, #8
 110 005e 0392     		str	r2, [sp, #12]
 111              		.loc 1 51 3 view .LVU25
 112 0060 039A     		ldr	r2, [sp, #12]
 113              	.LBE5:
 114              		.loc 1 51 3 view .LVU26
  52:Core/Src/gpio.c ****   __HAL_RCC_GPIOB_CLK_ENABLE();
 115              		.loc 1 52 3 view .LVU27
 116              	.LBB6:
 117              		.loc 1 52 3 view .LVU28
 118 0062 0494     		str	r4, [sp, #16]
 119              		.loc 1 52 3 view .LVU29
 120 0064 1A6B     		ldr	r2, [r3, #48]
ARM GAS  /tmp/ccxfJM7X.s 			page 4


 121 0066 42F00202 		orr	r2, r2, #2
 122 006a 1A63     		str	r2, [r3, #48]
 123              		.loc 1 52 3 view .LVU30
 124 006c 1B6B     		ldr	r3, [r3, #48]
 125 006e 03F00203 		and	r3, r3, #2
 126 0072 0493     		str	r3, [sp, #16]
 127              		.loc 1 52 3 view .LVU31
 128 0074 049B     		ldr	r3, [sp, #16]
 129              	.LBE6:
 130              		.loc 1 52 3 view .LVU32
  53:Core/Src/gpio.c **** 
  54:Core/Src/gpio.c ****   /*Configure GPIO pin Output Level */
  55:Core/Src/gpio.c ****   HAL_GPIO_WritePin(GPIOD, GPIO_PIN_4, GPIO_PIN_RESET);
 131              		.loc 1 55 3 view .LVU33
 132 0076 0A4D     		ldr	r5, .L3+4
 133 0078 2246     		mov	r2, r4
 134 007a 1021     		movs	r1, #16
 135 007c 2846     		mov	r0, r5
 136 007e FFF7FEFF 		bl	HAL_GPIO_WritePin
 137              	.LVL0:
  56:Core/Src/gpio.c **** 
  57:Core/Src/gpio.c ****   /*Configure GPIO pin : PD4 */
  58:Core/Src/gpio.c ****   GPIO_InitStruct.Pin = GPIO_PIN_4;
 138              		.loc 1 58 3 view .LVU34
 139              		.loc 1 58 23 is_stmt 0 view .LVU35
 140 0082 1023     		movs	r3, #16
 141 0084 0593     		str	r3, [sp, #20]
  59:Core/Src/gpio.c ****   GPIO_InitStruct.Mode = GPIO_MODE_OUTPUT_PP;
 142              		.loc 1 59 3 is_stmt 1 view .LVU36
 143              		.loc 1 59 24 is_stmt 0 view .LVU37
 144 0086 0123     		movs	r3, #1
 145 0088 0693     		str	r3, [sp, #24]
  60:Core/Src/gpio.c ****   GPIO_InitStruct.Pull = GPIO_PULLDOWN;
 146              		.loc 1 60 3 is_stmt 1 view .LVU38
 147              		.loc 1 60 24 is_stmt 0 view .LVU39
 148 008a 0223     		movs	r3, #2
 149 008c 0793     		str	r3, [sp, #28]
  61:Core/Src/gpio.c ****   GPIO_InitStruct.Speed = GPIO_SPEED_FREQ_LOW;
 150              		.loc 1 61 3 is_stmt 1 view .LVU40
 151              		.loc 1 61 25 is_stmt 0 view .LVU41
 152 008e 0894     		str	r4, [sp, #32]
  62:Core/Src/gpio.c ****   HAL_GPIO_Init(GPIOD, &GPIO_InitStruct);
 153              		.loc 1 62 3 is_stmt 1 view .LVU42
 154 0090 05A9     		add	r1, sp, #20
 155 0092 2846     		mov	r0, r5
 156 0094 FFF7FEFF 		bl	HAL_GPIO_Init
 157              	.LVL1:
  63:Core/Src/gpio.c **** 
  64:Core/Src/gpio.c **** }
 158              		.loc 1 64 1 is_stmt 0 view .LVU43
 159 0098 0BB0     		add	sp, sp, #44
 160              	.LCFI2:
 161              		.cfi_def_cfa_offset 12
 162              		@ sp needed
 163 009a 30BD     		pop	{r4, r5, pc}
 164              	.L4:
 165              		.align	2
ARM GAS  /tmp/ccxfJM7X.s 			page 5


 166              	.L3:
 167 009c 00380240 		.word	1073887232
 168 00a0 000C0240 		.word	1073875968
 169              		.cfi_endproc
 170              	.LFE130:
 172              		.text
 173              	.Letext0:
 174              		.file 2 "/usr/lib/gcc/arm-none-eabi/9.2.1/include/stdint.h"
 175              		.file 3 "Drivers/CMSIS/Include/core_cm4.h"
 176              		.file 4 "Drivers/CMSIS/Device/ST/STM32F4xx/Include/system_stm32f4xx.h"
 177              		.file 5 "Drivers/CMSIS/Device/ST/STM32F4xx/Include/stm32f407xx.h"
 178              		.file 6 "Drivers/STM32F4xx_HAL_Driver/Inc/stm32f4xx_hal_gpio.h"
 179              		.file 7 "Drivers/STM32F4xx_HAL_Driver/Inc/stm32f4xx_hal.h"
ARM GAS  /tmp/ccxfJM7X.s 			page 6


DEFINED SYMBOLS
                            *ABS*:0000000000000000 gpio.c
     /tmp/ccxfJM7X.s:18     .text.MX_GPIO_Init:0000000000000000 $t
     /tmp/ccxfJM7X.s:26     .text.MX_GPIO_Init:0000000000000000 MX_GPIO_Init
     /tmp/ccxfJM7X.s:167    .text.MX_GPIO_Init:000000000000009c $d

UNDEFINED SYMBOLS
HAL_GPIO_WritePin
HAL_GPIO_Init
